<?xml version="1.0" encoding="UTF-8"?>
<testng-results skipped="0" failed="0" ignored="0" total="2" passed="2">
  <reporter-output>
  </reporter-output>
  <suite name="MySimpleJavaProject" duration-ms="17" started-at="2023-02-28T18:10:34Z" finished-at="2023-02-28T18:10:34Z">
    <groups>
    </groups>
    <test name="TestNG tests" duration-ms="17" started-at="2023-02-28T18:10:34Z" finished-at="2023-02-28T18:10:34Z">
      <class name="mysimplejavaprojecttest.MySimpleClassNGTest">
        <test-method status="PASS" signature="testGet_sum()[pri:0, instance:mysimplejavaprojecttest.MySimpleClassNGTest@18e8568]" name="testGet_sum" duration-ms="0" started-at="2023-02-28T18:10:34Z" finished-at="2023-02-28T18:10:34Z">
          <reporter-output>
          </reporter-output>
        </test-method> <!-- testGet_sum -->
        <test-method status="PASS" signature="testGet_diff()[pri:0, instance:mysimplejavaprojecttest.MySimpleClassNGTest@18e8568]" name="testGet_diff" duration-ms="0" started-at="2023-02-28T18:10:34Z" finished-at="2023-02-28T18:10:34Z">
          <reporter-output>
          </reporter-output>
        </test-method> <!-- testGet_diff -->
      </class> <!-- mysimplejavaprojecttest.MySimpleClassNGTest -->
    </test> <!-- TestNG tests -->
  </suite> <!-- MySimpleJavaProject -->
</testng-results>
